# JRE version: OpenJDK Runtime Environment (8.0_242-b01) (build 1.8.0_242-release-1644-b01)
# Java VM: OpenJDK 64-Bit Server VM (25.242-b01 mixed mode windows-amd64 compressed oops)
Heap:
 PSYoungGen      total 35328K, used 26875K [0x00000000e0000000, 0x00000000e2980000, 0x0000000100000000)
  eden space 29184K, 81% used [0x00000000e0000000,0x00000000e1746c10,0x00000000e1c80000)
  from space 6144K, 49% used [0x00000000e2380000,0x00000000e2678020,0x00000000e2980000)
  to   space 6656K, 0% used [0x00000000e1c80000,0x00000000e1c80000,0x00000000e2300000)
 ParOldGen       total 35840K, used 16878K [0x00000000a0000000, 0x00000000a2300000, 0x00000000e0000000)
  object space 35840K, 47% used [0x00000000a0000000,0x00000000a107b828,0x00000000a2300000)
 Metaspace       used 51905K, capacity 52654K, committed 53376K, reserved 1095680K
  class space    used 6371K, capacity 6640K, committed 6784K, reserved 1048576K
GC Heap History (10 events):
Event: 263.461 GC heap before
{Heap before GC invocations=69 (full 2):
 PSYoungGen      total 38912K, used 33073K [0x00000000e0000000, 0x00000000e2e80000, 0x0000000100000000)
  eden space 32256K, 100% used [0x00000000e0000000,0x00000000e1f80000,0x00000000e1f80000)
  from space 6656K, 12% used [0x00000000e2800000,0x00000000e28cc470,0x00000000e2e80000)
  to   space 7680K, 0% used [0x00000000e1f80000,0x00000000e1f80000,0x00000000e2700000)
 ParOldGen       total 32256K, used 28492K [0x00000000a0000000, 0x00000000a1f80000, 0x00000000e0000000)
  object space 32256K, 88% used [0x00000000a0000000,0x00000000a1bd31b0,0x00000000a1f80000)
 Metaspace       used 49582K, capacity 50518K, committed 50944K, reserved 1093632K
  class space    used 6251K, capacity 6571K, committed 6656K, reserved 1048576K
Event: 263.466 GC heap after
Heap after GC invocations=69 (full 2):
 PSYoungGen      total 32256K, used 576K [0x00000000e0000000, 0x00000000e2c80000, 0x0000000100000000)
  eden space 31232K, 0% used [0x00000000e0000000,0x00000000e0000000,0x00000000e1e80000)
  from space 1024K, 56% used [0x00000000e1f80000,0x00000000e2010000,0x00000000e2080000)
  to   space 7168K, 0% used [0x00000000e2580000,0x00000000e2580000,0x00000000e2c80000)
 ParOldGen       total 32256K, used 28901K [0x00000000a0000000, 0x00000000a1f80000, 0x00000000e0000000)
  object space 32256K, 89% used [0x00000000a0000000,0x00000000a1c397d8,0x00000000a1f80000)
 Metaspace       used 49582K, capacity 50518K, committed 50944K, reserved 1093632K
  class space    used 6251K, capacity 6571K, committed 6656K, reserved 1048576K
}
Event: 2719.864 GC heap before
{Heap before GC invocations=70 (full 2):
 PSYoungGen      total 32256K, used 31808K [0x00000000e0000000, 0x00000000e2c80000, 0x0000000100000000)
  eden space 31232K, 100% used [0x00000000e0000000,0x00000000e1e80000,0x00000000e1e80000)
  from space 1024K, 56% used [0x00000000e1f80000,0x00000000e2010000,0x00000000e2080000)
  to   space 7168K, 0% used [0x00000000e2580000,0x00000000e2580000,0x00000000e2c80000)
 ParOldGen       total 32256K, used 28901K [0x00000000a0000000, 0x00000000a1f80000, 0x00000000e0000000)
  object space 32256K, 89% used [0x00000000a0000000,0x00000000a1c397d8,0x00000000a1f80000)
 Metaspace       used 52013K, capacity 53000K, committed 53120K, reserved 1095680K
  class space    used 6431K, capacity 6768K, committed 6784K, reserved 1048576K
Event: 2726.848 GC heap after
Heap after GC invocations=70 (full 2):
 PSYoungGen      total 35328K, used 2189K [0x00000000e0000000, 0x00000000e2a80000, 0x0000000100000000)
  eden space 30208K, 0% used [0x00000000e0000000,0x00000000e0000000,0x00000000e1d80000)
  from space 5120K, 42% used [0x00000000e2580000,0x00000000e27a3650,0x00000000e2a80000)
  to   space 6656K, 0% used [0x00000000e1d80000,0x00000000e1d80000,0x00000000e2400000)
 ParOldGen       total 32256K, used 29197K [0x00000000a0000000, 0x00000000a1f80000, 0x00000000e0000000)
  object space 32256K, 90% used [0x00000000a0000000,0x00000000a1c837e8,0x00000000a1f80000)
 Metaspace       used 52013K, capacity 53000K, committed 53120K, reserved 1095680K
  class space    used 6431K, capacity 6768K, committed 6784K, reserved 1048576K
}
Event: 2732.181 GC heap before
{Heap before GC invocations=71 (full 2):
 PSYoungGen      total 35328K, used 32397K [0x00000000e0000000, 0x00000000e2a80000, 0x0000000100000000)
  eden space 30208K, 100% used [0x00000000e0000000,0x00000000e1d80000,0x00000000e1d80000)
  from space 5120K, 42% used [0x00000000e2580000,0x00000000e27a3650,0x00000000e2a80000)
  to   space 6656K, 0% used [0x00000000e1d80000,0x00000000e1d80000,0x00000000e2400000)
 ParOldGen       total 32256K, used 29197K [0x00000000a0000000, 0x00000000a1f80000, 0x00000000e0000000)
  object space 32256K, 90% used [0x00000000a0000000,0x00000000a1c837e8,0x00000000a1f80000)
 Metaspace       used 52038K, capacity 53000K, committed 53120K, reserved 1095680K
  class space    used 6431K, capacity 6768K, committed 6784K, reserved 1048576K
Event: 2732.185 GC heap after
Heap after GC invocations=71 (full 2):
 PSYoungGen      total 30208K, used 160K [0x00000000e0000000, 0x00000000e2a00000, 0x0000000100000000)
  eden space 29696K, 0% used [0x00000000e0000000,0x00000000e0000000,0x00000000e1d00000)
  from space 512K, 31% used [0x00000000e1d80000,0x00000000e1da8000,0x00000000e1e00000)
  to   space 6656K, 0% used [0x00000000e2380000,0x00000000e2380000,0x00000000e2a00000)
 ParOldGen       total 32256K, used 29670K [0x00000000a0000000, 0x00000000a1f80000, 0x00000000e0000000)
  object space 32256K, 91% used [0x00000000a0000000,0x00000000a1cf9808,0x00000000a1f80000)
 Metaspace       used 52038K, capacity 53000K, committed 53120K, reserved 1095680K
  class space    used 6431K, capacity 6768K, committed 6784K, reserved 1048576K
}
Event: 2732.185 GC heap before
{Heap before GC invocations=72 (full 3):
 PSYoungGen      total 30208K, used 160K [0x00000000e0000000, 0x00000000e2a00000, 0x0000000100000000)
  eden space 29696K, 0% used [0x00000000e0000000,0x00000000e0000000,0x00000000e1d00000)
  from space 512K, 31% used [0x00000000e1d80000,0x00000000e1da8000,0x00000000e1e00000)
  to   space 6656K, 0% used [0x00000000e2380000,0x00000000e2380000,0x00000000e2a00000)
 ParOldGen       total 32256K, used 29670K [0x00000000a0000000, 0x00000000a1f80000, 0x00000000e0000000)
  object space 32256K, 91% used [0x00000000a0000000,0x00000000a1cf9808,0x00000000a1f80000)
 Metaspace       used 52038K, capacity 53000K, committed 53120K, reserved 1095680K
  class space    used 6431K, capacity 6768K, committed 6784K, reserved 1048576K
Event: 2732.398 GC heap after
Heap after GC invocations=72 (full 3):
 PSYoungGen      total 30208K, used 0K [0x00000000e0000000, 0x00000000e2a00000, 0x0000000100000000)
  eden space 29696K, 0% used [0x00000000e0000000,0x00000000e0000000,0x00000000e1d00000)
  from space 512K, 0% used [0x00000000e1d80000,0x00000000e1d80000,0x00000000e1e00000)
  to   space 6656K, 0% used [0x00000000e2380000,0x00000000e2380000,0x00000000e2a00000)
 ParOldGen       total 35840K, used 16870K [0x00000000a0000000, 0x00000000a2300000, 0x00000000e0000000)
  object space 35840K, 47% used [0x00000000a0000000,0x00000000a1079828,0x00000000a2300000)
 Metaspace       used 51586K, capacity 52228K, committed 53120K, reserved 1095680K
  class space    used 6339K, capacity 6590K, committed 6784K, reserved 1048576K
}
Event: 3074.668 GC heap before
{Heap before GC invocations=73 (full 3):
 PSYoungGen      total 30208K, used 29696K [0x00000000e0000000, 0x00000000e2a00000, 0x0000000100000000)
  eden space 29696K, 100% used [0x00000000e0000000,0x00000000e1d00000,0x00000000e1d00000)
  from space 512K, 0% used [0x00000000e1d80000,0x00000000e1d80000,0x00000000e1e00000)
  to   space 6656K, 0% used [0x00000000e2380000,0x00000000e2380000,0x00000000e2a00000)
 ParOldGen       total 35840K, used 16870K [0x00000000a0000000, 0x00000000a2300000, 0x00000000e0000000)
  object space 35840K, 47% used [0x00000000a0000000,0x00000000a1079828,0x00000000a2300000)
 Metaspace       used 51808K, capacity 52468K, committed 53120K, reserved 1095680K
  class space    used 6359K, capacity 6624K, committed 6784K, reserved 1048576K
Event: 3075.277 GC heap after
Heap after GC invocations=73 (full 3):
 PSYoungGen      total 35328K, used 3040K [0x00000000e0000000, 0x00000000e2980000, 0x0000000100000000)
  eden space 29184K, 0% used [0x00000000e0000000,0x00000000e0000000,0x00000000e1c80000)
  from space 6144K, 49% used [0x00000000e2380000,0x00000000e2678020,0x00000000e2980000)
  to   space 6656K, 0% used [0x00000000e1c80000,0x00000000e1c80000,0x00000000e2300000)
 ParOldGen       total 35840K, used 16878K [0x00000000a0000000, 0x00000000a2300000, 0x00000000e0000000)
  object space 35840K, 47% used [0x00000000a0000000,0x00000000a107b828,0x00000000a2300000)
 Metaspace       used 51808K, capacity 52468K, committed 53120K, reserved 1095680K
  class space    used 6359K, capacity 6624K, committed 6784K, reserved 1048576K
}

